<?xml version="1.0" encoding="UTF-8"?>
<coverage generated="1481807103">
  <project timestamp="1481807103">
    <package name="ReceiptValidator\Amazon">
      <file name="/var/local/lecturio/sources/receipt-validator/src/Amazon/Response.php">
        <class name="Response" namespace="ReceiptValidator\Amazon">
          <metrics methods="5" coveredmethods="1" conditionals="0" coveredconditionals="0" statements="14" coveredstatements="10" elements="19" coveredelements="11"/>
        </class>
        <line num="52" type="method" name="__construct" crap="2" count="1"/>
        <line num="54" type="stmt" count="1"/>
        <line num="56" type="stmt" count="1"/>
        <line num="57" type="stmt" count="1"/>
        <line num="58" type="stmt" count="1"/>
        <line num="59" type="stmt" count="1"/>
        <line num="66" type="method" name="getResultCode" crap="2" count="0"/>
        <line num="68" type="stmt" count="0"/>
        <line num="76" type="method" name="getReceipt" crap="2" count="0"/>
        <line num="78" type="stmt" count="0"/>
        <line num="86" type="method" name="isValid" crap="2.15" count="1"/>
        <line num="88" type="stmt" count="1"/>
        <line num="89" type="stmt" count="0"/>
        <line num="92" type="stmt" count="1"/>
        <line num="101" type="method" name="parseJsonResponse" crap="2.06" count="1"/>
        <line num="103" type="stmt" count="1"/>
        <line num="105" type="stmt" count="0"/>
        <line num="108" type="stmt" count="1"/>
        <line num="110" type="stmt" count="1"/>
        <metrics loc="112" ncloc="61" classes="1" methods="5" coveredmethods="1" conditionals="0" coveredconditionals="0" statements="14" coveredstatements="10" elements="19" coveredelements="11"/>
      </file>
      <file name="/var/local/lecturio/sources/receipt-validator/src/Amazon/Validator.php">
        <class name="Validator" namespace="ReceiptValidator\Amazon">
          <metrics methods="7" coveredmethods="5" conditionals="0" coveredconditionals="0" statements="21" coveredstatements="18" elements="28" coveredelements="23"/>
        </class>
        <line num="48" type="method" name="__construct" crap="3.14" count="2"/>
        <line num="50" type="stmt" count="2"/>
        <line num="51" type="stmt" count="0"/>
        <line num="54" type="stmt" count="2"/>
        <line num="55" type="stmt" count="2"/>
        <line num="63" type="method" name="setUserId" crap="1" count="1"/>
        <line num="65" type="stmt" count="1"/>
        <line num="67" type="stmt" count="1"/>
        <line num="75" type="method" name="setReceiptId" crap="1" count="1"/>
        <line num="77" type="stmt" count="1"/>
        <line num="79" type="stmt" count="1"/>
        <line num="88" type="method" name="getDeveloperSecret" crap="1" count="1"/>
        <line num="90" type="stmt" count="1"/>
        <line num="98" type="method" name="setDeveloperSecret" crap="1" count="2"/>
        <line num="100" type="stmt" count="2"/>
        <line num="102" type="stmt" count="2"/>
        <line num="111" type="method" name="getClient" crap="2" count="1"/>
        <line num="113" type="stmt" count="1"/>
        <line num="114" type="stmt" count="1"/>
        <line num="115" type="stmt" count="1"/>
        <line num="117" type="stmt" count="1"/>
        <line num="125" type="method" name="validate" crap="3.33" count="1"/>
        <line num="128" type="stmt" count="1"/>
        <line num="130" type="stmt" count="0"/>
        <line num="131" type="stmt" count="1"/>
        <line num="132" type="stmt" count="1"/>
        <line num="133" type="stmt" count="1"/>
        <line num="137" type="stmt" count="0"/>
        <metrics loc="139" ncloc="87" classes="1" methods="7" coveredmethods="5" conditionals="0" coveredconditionals="0" statements="21" coveredstatements="18" elements="28" coveredelements="23"/>
      </file>
    </package>
    <package name="ReceiptValidator\GooglePlay">
      <file name="/var/local/lecturio/sources/receipt-validator/src/GooglePlay/AbstractResponse.php">
        <class name="AbstractResponse" namespace="ReceiptValidator\GooglePlay" fullPackage="ReceiptValidator" package="ReceiptValidator">
          <metrics methods="7" coveredmethods="7" conditionals="0" coveredconditionals="0" statements="9" coveredstatements="9" elements="16" coveredelements="16"/>
        </class>
        <line num="31" type="method" name="__construct" crap="1" count="3"/>
        <line num="33" type="stmt" count="3"/>
        <line num="34" type="stmt" count="3"/>
        <line num="35" type="stmt" count="3"/>
        <line num="40" type="method" name="getConsumptionState" crap="1" count="1"/>
        <line num="42" type="stmt" count="1"/>
        <line num="48" type="method" name="getDeveloperPayload" crap="1" count="1"/>
        <line num="50" type="stmt" count="1"/>
        <line num="57" type="method" name="getDeveloperPayloadElement" crap="2" count="1"/>
        <line num="59" type="stmt" count="1"/>
        <line num="65" type="method" name="getKind" crap="1" count="1"/>
        <line num="67" type="stmt" count="1"/>
        <line num="73" type="method" name="getPurchaseState" crap="1" count="1"/>
        <line num="75" type="stmt" count="1"/>
        <line num="81" type="method" name="getRawResponse" crap="1" count="2"/>
        <line num="83" type="stmt" count="2"/>
        <metrics loc="85" ncloc="51" classes="1" methods="7" coveredmethods="7" conditionals="0" coveredconditionals="0" statements="9" coveredstatements="9" elements="16" coveredelements="16"/>
      </file>
      <file name="/var/local/lecturio/sources/receipt-validator/src/GooglePlay/PurchaseResponse.php">
        <class name="PurchaseResponse" namespace="ReceiptValidator\GooglePlay" fullPackage="ReceiptValidator" package="ReceiptValidator">
          <metrics methods="1" coveredmethods="1" conditionals="0" coveredconditionals="0" statements="1" coveredstatements="1" elements="2" coveredelements="2"/>
        </class>
        <line num="19" type="method" name="getPurchaseTimeMillis" crap="1" count="1"/>
        <line num="21" type="stmt" count="1"/>
        <metrics loc="23" ncloc="13" classes="1" methods="1" coveredmethods="1" conditionals="0" coveredconditionals="0" statements="1" coveredstatements="1" elements="2" coveredelements="2"/>
      </file>
      <file name="/var/local/lecturio/sources/receipt-validator/src/GooglePlay/SubscriptionResponse.php">
        <class name="SubscriptionResponse" namespace="ReceiptValidator\GooglePlay" fullPackage="ReceiptValidator" package="ReceiptValidator">
          <metrics methods="6" coveredmethods="6" conditionals="0" coveredconditionals="0" statements="6" coveredstatements="6" elements="12" coveredelements="12"/>
        </class>
        <line num="19" type="method" name="getAutoRenewing" crap="1" count="1"/>
        <line num="21" type="stmt" count="1"/>
        <line num="27" type="method" name="getCancelReason" crap="1" count="1"/>
        <line num="29" type="stmt" count="1"/>
        <line num="35" type="method" name="getCountryCode" crap="1" count="1"/>
        <line num="37" type="stmt" count="1"/>
        <line num="43" type="method" name="getPriceAmountMicros" crap="1" count="1"/>
        <line num="45" type="stmt" count="1"/>
        <line num="51" type="method" name="getPriceCurrencyCode" crap="1" count="1"/>
        <line num="53" type="stmt" count="1"/>
        <line num="59" type="method" name="getStartTimeMillis" crap="1" count="1"/>
        <line num="61" type="stmt" count="1"/>
        <metrics loc="63" ncloc="38" classes="1" methods="6" coveredmethods="6" conditionals="0" coveredconditionals="0" statements="6" coveredstatements="6" elements="12" coveredelements="12"/>
      </file>
      <file name="/var/local/lecturio/sources/receipt-validator/src/GooglePlay/Validator.php">
        <class name="Validator" namespace="ReceiptValidator\GooglePlay" fullPackage="ReceiptValidator" package="ReceiptValidator">
          <metrics methods="8" coveredmethods="7" conditionals="0" coveredconditionals="0" statements="18" coveredstatements="17" elements="26" coveredelements="24"/>
        </class>
        <line num="41" type="method" name="__construct" crap="1" count="1"/>
        <line num="43" type="stmt" count="1"/>
        <line num="44" type="stmt" count="1"/>
        <line num="45" type="stmt" count="1"/>
        <line num="52" type="method" name="setPackageName" crap="1" count="1"/>
        <line num="54" type="stmt" count="1"/>
        <line num="56" type="stmt" count="1"/>
        <line num="64" type="method" name="setPurchaseToken" crap="1" count="1"/>
        <line num="66" type="stmt" count="1"/>
        <line num="68" type="stmt" count="1"/>
        <line num="76" type="method" name="setProductId" crap="1" count="1"/>
        <line num="78" type="stmt" count="1"/>
        <line num="80" type="stmt" count="1"/>
        <line num="87" type="method" name="setValidationModePurchase" crap="1" count="1"/>
        <line num="89" type="stmt" count="1"/>
        <line num="91" type="stmt" count="1"/>
        <line num="97" type="method" name="validate" crap="6" count="0"/>
        <line num="99" type="stmt" count="0"/>
        <line num="105" type="method" name="validateSubscription" crap="1" count="1"/>
        <line num="107" type="stmt" count="1"/>
        <line num="108" type="stmt" count="1"/>
        <line num="109" type="stmt" count="1"/>
        <line num="115" type="method" name="validatePurchase" crap="1" count="1"/>
        <line num="117" type="stmt" count="1"/>
        <line num="118" type="stmt" count="1"/>
        <line num="119" type="stmt" count="1"/>
        <metrics loc="121" ncloc="69" classes="1" methods="8" coveredmethods="7" conditionals="0" coveredconditionals="0" statements="18" coveredstatements="17" elements="26" coveredelements="24"/>
      </file>
    </package>
    <package name="ReceiptValidator">
      <file name="/var/local/lecturio/sources/receipt-validator/src/RunTimeException.php">
        <class name="RunTimeException" namespace="ReceiptValidator">
          <metrics methods="0" coveredmethods="0" conditionals="0" coveredconditionals="0" statements="0" coveredstatements="0" elements="0" coveredelements="0"/>
        </class>
        <metrics loc="6" ncloc="6" classes="1" methods="0" coveredmethods="0" conditionals="0" coveredconditionals="0" statements="0" coveredstatements="0" elements="0" coveredelements="0"/>
      </file>
    </package>
    <file name="/var/local/lecturio/sources/receipt-validator/src/WindowsStore/CacheInterface.php">
      <metrics loc="25" ncloc="9" classes="0" methods="0" coveredmethods="0" conditionals="0" coveredconditionals="0" statements="0" coveredstatements="0" elements="0" coveredelements="0"/>
    </file>
    <package name="ReceiptValidator\WindowsStore">
      <file name="/var/local/lecturio/sources/receipt-validator/src/WindowsStore/Validator.php">
        <class name="Validator" namespace="ReceiptValidator\WindowsStore">
          <metrics methods="4" coveredmethods="2" conditionals="0" coveredconditionals="0" statements="41" coveredstatements="37" elements="45" coveredelements="39"/>
        </class>
        <line num="13" type="method" name="__construct" crap="1" count="5"/>
        <line num="15" type="stmt" count="5"/>
        <line num="16" type="stmt" count="5"/>
        <line num="25" type="method" name="validate" crap="3.02" count="5"/>
        <line num="28" type="stmt" count="5"/>
        <line num="29" type="stmt" count="5"/>
        <line num="30" type="stmt" count="1"/>
        <line num="34" type="stmt" count="4"/>
        <line num="35" type="stmt" count="4"/>
        <line num="36" type="stmt" count="0"/>
        <line num="40" type="stmt" count="4"/>
        <line num="42" type="stmt" count="4"/>
        <line num="51" type="method" name="retrieveCertificate" crap="4" count="4"/>
        <line num="54" type="stmt" count="4"/>
        <line num="55" type="stmt" count="4"/>
        <line num="57" type="stmt" count="4"/>
        <line num="58" type="stmt" count="4"/>
        <line num="63" type="stmt" count="4"/>
        <line num="66" type="stmt" count="4"/>
        <line num="67" type="stmt" count="4"/>
        <line num="70" type="stmt" count="4"/>
        <line num="73" type="stmt" count="4"/>
        <line num="74" type="stmt" count="2"/>
        <line num="75" type="stmt" count="2"/>
        <line num="76" type="stmt" count="4"/>
        <line num="78" type="stmt" count="4"/>
        <line num="89" type="method" name="validateXml" crap="5.12" count="4"/>
        <line num="91" type="stmt" count="4"/>
        <line num="94" type="stmt" count="4"/>
        <line num="95" type="stmt" count="4"/>
        <line num="96" type="stmt" count="0"/>
        <line num="99" type="stmt" count="4"/>
        <line num="100" type="stmt" count="4"/>
        <line num="101" type="stmt" count="4"/>
        <line num="102" type="stmt" count="4"/>
        <line num="105" type="stmt" count="4"/>
        <line num="106" type="stmt" count="0"/>
        <line num="109" type="stmt" count="4"/>
        <line num="110" type="stmt" count="4"/>
        <line num="111" type="stmt" count="0"/>
        <line num="114" type="stmt" count="4"/>
        <line num="115" type="stmt" count="4"/>
        <line num="116" type="stmt" count="4"/>
        <line num="117" type="stmt" count="4"/>
        <line num="119" type="stmt" count="4"/>
        <metrics loc="121" ncloc="78" classes="1" methods="4" coveredmethods="2" conditionals="0" coveredconditionals="0" statements="41" coveredstatements="37" elements="45" coveredelements="39"/>
      </file>
    </package>
    <package name="ReceiptValidator\iTunes">
      <file name="/var/local/lecturio/sources/receipt-validator/src/iTunes/Response.php">
        <class name="Response" namespace="ReceiptValidator\iTunes">
          <metrics methods="10" coveredmethods="6" conditionals="0" coveredconditionals="0" statements="44" coveredstatements="37" elements="54" coveredelements="43"/>
        </class>
        <line num="90" type="method" name="__construct" crap="2" count="6"/>
        <line num="92" type="stmt" count="6"/>
        <line num="93" type="stmt" count="6"/>
        <line num="94" type="stmt" count="5"/>
        <line num="95" type="stmt" count="5"/>
        <line num="102" type="method" name="getResultCode" crap="1" count="4"/>
        <line num="104" type="stmt" count="4"/>
        <line num="113" type="method" name="setResultCode" crap="2" count="0"/>
        <line num="115" type="stmt" count="0"/>
        <line num="117" type="stmt" count="0"/>
        <line num="125" type="method" name="getPurchases" crap="2" count="0"/>
        <line num="127" type="stmt" count="0"/>
        <line num="135" type="method" name="getReceipt" crap="2" count="0"/>
        <line num="137" type="stmt" count="0"/>
        <line num="145" type="method" name="getLatestReceiptInfo" crap="1" count="1"/>
        <line num="147" type="stmt" count="1"/>
        <line num="155" type="method" name="getLatestReceipt" crap="1" count="1"/>
        <line num="157" type="stmt" count="1"/>
        <line num="165" type="method" name="getBundleId" crap="1" count="1"/>
        <line num="167" type="stmt" count="1"/>
        <line num="175" type="method" name="isValid" crap="2" count="4"/>
        <line num="177" type="stmt" count="4"/>
        <line num="178" type="stmt" count="1"/>
        <line num="181" type="stmt" count="3"/>
        <line num="192" type="method" name="parseJsonResponse" crap="13.19" count="6"/>
        <line num="194" type="stmt" count="6"/>
        <line num="195" type="stmt" count="1"/>
        <line num="199" type="stmt" count="5"/>
        <line num="200" type="stmt" count="1"/>
        <line num="201" type="stmt" count="1"/>
        <line num="202" type="stmt" count="1"/>
        <line num="204" type="stmt" count="1"/>
        <line num="205" type="stmt" count="1"/>
        <line num="206" type="stmt" count="1"/>
        <line num="208" type="stmt" count="1"/>
        <line num="209" type="stmt" count="1"/>
        <line num="210" type="stmt" count="1"/>
        <line num="212" type="stmt" count="1"/>
        <line num="213" type="stmt" count="1"/>
        <line num="214" type="stmt" count="1"/>
        <line num="215" type="stmt" count="5"/>
        <line num="218" type="stmt" count="2"/>
        <line num="220" type="stmt" count="2"/>
        <line num="221" type="stmt" count="2"/>
        <line num="222" type="stmt" count="2"/>
        <line num="224" type="stmt" count="2"/>
        <line num="225" type="stmt" count="0"/>
        <line num="226" type="stmt" count="0"/>
        <line num="227" type="stmt" count="2"/>
        <line num="228" type="stmt" count="4"/>
        <line num="229" type="stmt" count="2"/>
        <line num="230" type="stmt" count="2"/>
        <line num="231" type="stmt" count="0"/>
        <line num="233" type="stmt" count="5"/>
        <metrics loc="235" ncloc="120" classes="1" methods="10" coveredmethods="6" conditionals="0" coveredconditionals="0" statements="44" coveredstatements="37" elements="54" coveredelements="43"/>
      </file>
      <file name="/var/local/lecturio/sources/receipt-validator/src/iTunes/Validator.php">
        <class name="Validator" namespace="ReceiptValidator\iTunes">
          <metrics methods="10" coveredmethods="7" conditionals="0" coveredconditionals="0" statements="43" coveredstatements="28" elements="53" coveredelements="35"/>
        </class>
        <line num="44" type="method" name="__construct" crap="3" count="5"/>
        <line num="46" type="stmt" count="5"/>
        <line num="47" type="stmt" count="1"/>
        <line num="50" type="stmt" count="5"/>
        <line num="51" type="stmt" count="5"/>
        <line num="58" type="method" name="getReceiptData" crap="1" count="2"/>
        <line num="60" type="stmt" count="2"/>
        <line num="69" type="method" name="setReceiptData" crap="2.26" count="2"/>
        <line num="71" type="stmt" count="2"/>
        <line num="72" type="stmt" count="0"/>
        <line num="73" type="stmt" count="0"/>
        <line num="74" type="stmt" count="2"/>
        <line num="77" type="stmt" count="2"/>
        <line num="83" type="method" name="getSharedSecret" crap="1" count="1"/>
        <line num="85" type="stmt" count="1"/>
        <line num="92" type="method" name="setSharedSecret" crap="1" count="1"/>
        <line num="94" type="stmt" count="1"/>
        <line num="96" type="stmt" count="1"/>
        <line num="104" type="method" name="getEndpoint" crap="1" count="1"/>
        <line num="106" type="stmt" count="1"/>
        <line num="115" type="method" name="setEndpoint" crap="1" count="1"/>
        <line num="117" type="stmt" count="1"/>
        <line num="119" type="stmt" count="1"/>
        <line num="127" type="method" name="getClient" crap="2" count="1"/>
        <line num="129" type="stmt" count="1"/>
        <line num="130" type="stmt" count="1"/>
        <line num="131" type="stmt" count="1"/>
        <line num="133" type="stmt" count="1"/>
        <line num="141" type="method" name="encodeRequest" crap="2.26" count="1"/>
        <line num="143" type="stmt" count="1"/>
        <line num="145" type="stmt" count="1"/>
        <line num="147" type="stmt" count="0"/>
        <line num="148" type="stmt" count="0"/>
        <line num="150" type="stmt" count="1"/>
        <line num="161" type="method" name="validate" crap="18.18" count="1"/>
        <line num="164" type="stmt" count="1"/>
        <line num="165" type="stmt" count="0"/>
        <line num="166" type="stmt" count="0"/>
        <line num="168" type="stmt" count="1"/>
        <line num="169" type="stmt" count="0"/>
        <line num="170" type="stmt" count="0"/>
        <line num="172" type="stmt" count="1"/>
        <line num="174" type="stmt" count="1"/>
        <line num="175" type="stmt" count="0"/>
        <line num="178" type="stmt" count="1"/>
        <line num="182" type="stmt" count="1"/>
        <line num="183" type="stmt" count="0"/>
        <line num="185" type="stmt" count="0"/>
        <line num="187" type="stmt" count="0"/>
        <line num="188" type="stmt" count="0"/>
        <line num="191" type="stmt" count="0"/>
        <line num="192" type="stmt" count="0"/>
        <line num="194" type="stmt" count="1"/>
        <metrics loc="196" ncloc="123" classes="1" methods="10" coveredmethods="7" conditionals="0" coveredconditionals="0" statements="43" coveredstatements="28" elements="53" coveredelements="35"/>
      </file>
    </package>
    <metrics files="11" loc="1126" ncloc="655" classes="10" methods="58" coveredmethods="42" conditionals="0" coveredconditionals="0" statements="197" coveredstatements="163" elements="255" coveredelements="205"/>
  </project>
</coverage>
